<?xml version="1.0" encoding="UTF-8"?>
<!-- Generated by org.testng.reporters.JUnitReportReporter -->
<testsuite hostname="adminisrsmini75.cybage.com" name="test.LoginElementDisplayed" tests="4" failures="0" timestamp="21 Nov 2017 06:27:46 GMT" time="57.896" errors="0">
  <testcase name="elementPresent" time="15.013" classname="test.LoginElementDisplayed"/>
  <testcase name="elementPresent" time="9.073" classname="test.LoginElementDisplayed"/>
  <testcase name="navigateToSettingScreen" time="19.478" classname="test.LoginElementDisplayed"/>
  <testcase name="navigateToSettingScreen" time="14.332" classname="test.LoginElementDisplayed"/>
</testsuite> <!-- test.LoginElementDisplayed -->
