<?xml version="1.0" encoding="UTF-8"?>
<!-- Generated by org.testng.reporters.JUnitReportReporter -->
<testsuite skipped="0" hostname="harshitj" name="test.T" tests="1" failures="0" timestamp="27 Apr 2017 10:45:33 GMT" time="0.175" errors="0">
  <testcase name="p" time="0.175" classname="test.T"/>
</testsuite> <!-- test.T -->
