<?xml version="1.0" encoding="UTF-8"?>
<!-- Generated by org.testng.reporters.JUnitReportReporter -->
<testsuite hostname="adminisrsmini75.cybage.com" name="test.testing" tests="2" failures="0" timestamp="25 Sep 2017 06:28:22 GMT" time="69.531" errors="0">
  <testcase name="suitSetup" time="17.543" classname="test.testing"/>
  <testcase name="suitSetup" time="51.988" classname="test.testing"/>
</testsuite> <!-- test.testing -->
