<?xml version="1.0" encoding="UTF-8"?>
<!-- Generated by org.testng.reporters.JUnitReportReporter -->
<testsuite hostname="harshitj" name="test.RunTestWithGridEnvironment" tests="1" failures="0" timestamp="26 Sep 2016 05:28:13 GMT" time="111.545" errors="0">
  <testcase name="UpdateTestXml" time="111.545" classname="test.RunTestWithGridEnvironment"/>
</testsuite> <!-- test.RunTestWithGridEnvironment -->
