<?xml version="1.0" encoding="UTF-8"?>
<!-- Generated by org.testng.reporters.JUnitReportReporter -->
<testsuite hostname="adminisrsmini75.cybage.com" name="test.LocalizationTestSuite" tests="8" failures="0" timestamp="21 Nov 2017 12:37:27 GMT" time="138.421" errors="0">
  <testcase name="navigateToSettingScreen" time="15.900" classname="test.LocalizationTestSuite"/>
  <testcase name="elementPresent" time="9.554" classname="test.LocalizationTestSuite"/>
  <testcase name="elementPresent" time="20.878" classname="test.LocalizationTestSuite"/>
  <testcase name="navigateToSettingScreen" time="19.430" classname="test.LocalizationTestSuite"/>
  <testcase name="navigateToSettingScreen" time="18.372" classname="test.LocalizationTestSuite"/>
  <testcase name="elementPresent" time="16.192" classname="test.LocalizationTestSuite"/>
  <testcase name="elementPresent" time="15.469" classname="test.LocalizationTestSuite"/>
  <testcase name="navigateToSettingScreen" time="22.626" classname="test.LocalizationTestSuite"/>
</testsuite> <!-- test.LocalizationTestSuite -->
