<?xml version="1.0" encoding="UTF-8"?>
<!-- Generated by org.testng.reporters.JUnitReportReporter -->
<testsuite hostname="adminisrsmini75.cybage.com" name="test.GridSuitePrepartationTest" tests="1" failures="0" timestamp="20 Nov 2017 15:07:34 GMT" time="112.574" errors="0">
  <testcase name="EnviromentSetup" time="112.574" classname="test.GridSuitePrepartationTest"/>
</testsuite> <!-- test.GridSuitePrepartationTest -->
