<?xml version="1.0" encoding="UTF-8"?>
<!-- Generated by org.testng.reporters.JUnitReportReporter -->
<testsuite skipped="0" hostname="adminisrsmini75.cybage.com" name="test.GridSuitePrepartationTest" tests="1" failures="0" timestamp="10 Nov 2017 05:29:05 GMT" time="65.009" errors="0">
  <testcase name="EnviromentSetup" time="65.009" classname="test.GridSuitePrepartationTest"/>
</testsuite> <!-- test.GridSuitePrepartationTest -->
